<?xml version="1.0" encoding="UTF-8"?>
<testsuite xmlns:xsi="http://www.w3.org/2001/XMLSchema-instance" xsi:noNamespaceSchemaLocation="https://maven.apache.org/surefire/maven-surefire-plugin/xsd/surefire-test-report.xsd" name="com.itheima.service.UserServiceTest" time="1.866" tests="6" errors="0" skipped="0" failures="0">
  <properties>
[...]
</properties>
  <testcase name="testGet" classname="com.itheima.service.UserServiceTest" time="0.45"/>
  <testcase name="testLogin" classname="com.itheima.service.UserServiceTest" time="0.005"/>
  <testcase name="testSave" classname="com.itheima.service.UserServiceTest" time="0.007"/>
  <testcase name="testDelete" classname="com.itheima.service.UserServiceTest" time="0.003"/>
  <testcase name="testGetAll" classname="com.itheima.service.UserServiceTest" time="0.054"/>
  <testcase name="testUpdate" classname="com.itheima.service.UserServiceTest" time="0.004"/>
</testsuite>